C:\Users\fsilva\Documents\Estudos\ControleFinanceiro\ControleFinanceiro\dist\out-tsc\Client\app\app-routing.module.js
C:\Users\fsilva\Documents\Estudos\ControleFinanceiro\ControleFinanceiro\dist\out-tsc\Client\app\app-routing.module.js.map
C:\Users\fsilva\Documents\Estudos\ControleFinanceiro\ControleFinanceiro\dist\out-tsc\Client\app\app.component.js
C:\Users\fsilva\Documents\Estudos\ControleFinanceiro\ControleFinanceiro\dist\out-tsc\Client\app\app.component.js.map
C:\Users\fsilva\Documents\Estudos\ControleFinanceiro\ControleFinanceiro\dist\out-tsc\Client\app\app.module.js
C:\Users\fsilva\Documents\Estudos\ControleFinanceiro\ControleFinanceiro\dist\out-tsc\Client\app\app.module.js.map
C:\Users\fsilva\Documents\Estudos\ControleFinanceiro\ControleFinanceiro\dist\out-tsc\Client\environments\environment.js
C:\Users\fsilva\Documents\Estudos\ControleFinanceiro\ControleFinanceiro\dist\out-tsc\Client\environments\environment.js.map
C:\Users\fsilva\Documents\Estudos\ControleFinanceiro\ControleFinanceiro\dist\out-tsc\Client\main.js
C:\Users\fsilva\Documents\Estudos\ControleFinanceiro\ControleFinanceiro\dist\out-tsc\Client\main.js.map
C:\Users\fsilva\Documents\Estudos\ControleFinanceiro\ControleFinanceiro\dist\out-tsc\Client\polyfills.js
C:\Users\fsilva\Documents\Estudos\ControleFinanceiro\ControleFinanceiro\dist\out-tsc\Client\polyfills.js.map
C:\Users\fsilva\Documents\Estudos\ControleFinanceiro\ControleFinanceiro\dist\out-tsc\Client\test.js
C:\Users\fsilva\Documents\Estudos\ControleFinanceiro\ControleFinanceiro\dist\out-tsc\Client\test.js.map
C:\Users\fsilva\Documents\Estudos\ControleFinanceiro\ControleFinanceiro\dist\out-tsc\Client\app\app.component.spec.js
C:\Users\fsilva\Documents\Estudos\ControleFinanceiro\ControleFinanceiro\dist\out-tsc\Client\app\app.component.spec.js.map
C:\Users\fsilva\Documents\Estudos\ControleFinanceiro\ControleFinanceiro\dist\out-tsc\Client\environments\environment.prod.js
C:\Users\fsilva\Documents\Estudos\ControleFinanceiro\ControleFinanceiro\dist\out-tsc\Client\environments\environment.prod.js.map
C:\Users\fsilva\Documents\Estudos\ControleFinanceiro\ControleFinanceiro\dist\out-tsc\wwwroot\Client\app\app-routing.module.js
C:\Users\fsilva\Documents\Estudos\ControleFinanceiro\ControleFinanceiro\dist\out-tsc\wwwroot\Client\app\app-routing.module.js.map
C:\Users\fsilva\Documents\Estudos\ControleFinanceiro\ControleFinanceiro\dist\out-tsc\wwwroot\Client\app\app.component.js
C:\Users\fsilva\Documents\Estudos\ControleFinanceiro\ControleFinanceiro\dist\out-tsc\wwwroot\Client\app\app.component.js.map
C:\Users\fsilva\Documents\Estudos\ControleFinanceiro\ControleFinanceiro\dist\out-tsc\wwwroot\Client\app\app.module.js
C:\Users\fsilva\Documents\Estudos\ControleFinanceiro\ControleFinanceiro\dist\out-tsc\wwwroot\Client\app\app.module.js.map
C:\Users\fsilva\Documents\Estudos\ControleFinanceiro\ControleFinanceiro\dist\out-tsc\wwwroot\Client\environments\environment.js
C:\Users\fsilva\Documents\Estudos\ControleFinanceiro\ControleFinanceiro\dist\out-tsc\wwwroot\Client\environments\environment.js.map
C:\Users\fsilva\Documents\Estudos\ControleFinanceiro\ControleFinanceiro\dist\out-tsc\wwwroot\Client\main.js
C:\Users\fsilva\Documents\Estudos\ControleFinanceiro\ControleFinanceiro\dist\out-tsc\wwwroot\Client\main.js.map
C:\Users\fsilva\Documents\Estudos\ControleFinanceiro\ControleFinanceiro\dist\out-tsc\wwwroot\Client\polyfills.js
C:\Users\fsilva\Documents\Estudos\ControleFinanceiro\ControleFinanceiro\dist\out-tsc\wwwroot\Client\polyfills.js.map
C:\Users\fsilva\Documents\Estudos\ControleFinanceiro\ControleFinanceiro\dist\out-tsc\wwwroot\Client\test.js
C:\Users\fsilva\Documents\Estudos\ControleFinanceiro\ControleFinanceiro\dist\out-tsc\wwwroot\Client\test.js.map
C:\Users\fsilva\Documents\Estudos\ControleFinanceiro\ControleFinanceiro\dist\out-tsc\wwwroot\Client\app\app.component.spec.js
C:\Users\fsilva\Documents\Estudos\ControleFinanceiro\ControleFinanceiro\dist\out-tsc\wwwroot\Client\app\app.component.spec.js.map
C:\Users\fsilva\Documents\Estudos\ControleFinanceiro\ControleFinanceiro\dist\out-tsc\wwwroot\Client\environments\environment.prod.js
C:\Users\fsilva\Documents\Estudos\ControleFinanceiro\ControleFinanceiro\dist\out-tsc\wwwroot\Client\environments\environment.prod.js.map
